# JRE version: Java(TM) SE Runtime Environment (8.0_171-b11) (build 1.8.0_171-b11)
# Java VM: Java HotSpot(TM) 64-Bit Server VM (25.171-b11 mixed mode windows-amd64 compressed oops)
Heap:
 PSYoungGen      total 136704K, used 92779K [0x00000000eac00000, 0x00000000f6a00000, 0x0000000100000000)
  eden space 128512K, 72% used [0x00000000eac00000,0x00000000f069ae10,0x00000000f2980000)
  from space 8192K, 0% used [0x00000000f2980000,0x00000000f2980000,0x00000000f3180000)
  to   space 9728K, 0% used [0x00000000f6080000,0x00000000f6080000,0x00000000f6a00000)
 ParOldGen       total 45568K, used 16455K [0x00000000c0400000, 0x00000000c3080000, 0x00000000eac00000)
  object space 45568K, 36% used [0x00000000c0400000,0x00000000c1411e48,0x00000000c3080000)
 Metaspace       used 49847K, capacity 51320K, committed 51496K, reserved 1093632K
  class space    used 7027K, capacity 7350K, committed 7472K, reserved 1048576K
GC Heap History (10 events):
Event: 2.107 GC heap before
{Heap before GC invocations=7 (full 0):
 PSYoungGen      total 73216K, used 10416K [0x00000000eac00000, 0x00000000efb00000, 0x0000000100000000)
  eden space 65536K, 10% used [0x00000000eac00000,0x00000000eb2df740,0x00000000eec00000)
  from space 7680K, 43% used [0x00000000ef380000,0x00000000ef6cca18,0x00000000efb00000)
  to   space 7680K, 0% used [0x00000000eec00000,0x00000000eec00000,0x00000000ef380000)
 ParOldGen       total 44032K, used 9450K [0x00000000c0400000, 0x00000000c2f00000, 0x00000000eac00000)
  object space 44032K, 21% used [0x00000000c0400000,0x00000000c0d3a8c8,0x00000000c2f00000)
 Metaspace       used 20849K, capacity 21150K, committed 21296K, reserved 1069056K
  class space    used 2484K, capacity 2596K, committed 2608K, reserved 1048576K
Event: 2.112 GC heap after
Heap after GC invocations=7 (full 0):
 PSYoungGen      total 73216K, used 2432K [0x00000000eac00000, 0x00000000f3b00000, 0x0000000100000000)
  eden space 65536K, 0% used [0x00000000eac00000,0x00000000eac00000,0x00000000eec00000)
  from space 7680K, 31% used [0x00000000eec00000,0x00000000eee601c8,0x00000000ef380000)
  to   space 7680K, 0% used [0x00000000f3380000,0x00000000f3380000,0x00000000f3b00000)
 ParOldGen       total 44032K, used 9986K [0x00000000c0400000, 0x00000000c2f00000, 0x00000000eac00000)
  object space 44032K, 22% used [0x00000000c0400000,0x00000000c0dc0a80,0x00000000c2f00000)
 Metaspace       used 20849K, capacity 21150K, committed 21296K, reserved 1069056K
  class space    used 2484K, capacity 2596K, committed 2608K, reserved 1048576K
}
Event: 2.112 GC heap before
{Heap before GC invocations=8 (full 1):
 PSYoungGen      total 73216K, used 2432K [0x00000000eac00000, 0x00000000f3b00000, 0x0000000100000000)
  eden space 65536K, 0% used [0x00000000eac00000,0x00000000eac00000,0x00000000eec00000)
  from space 7680K, 31% used [0x00000000eec00000,0x00000000eee601c8,0x00000000ef380000)
  to   space 7680K, 0% used [0x00000000f3380000,0x00000000f3380000,0x00000000f3b00000)
 ParOldGen       total 44032K, used 9986K [0x00000000c0400000, 0x00000000c2f00000, 0x00000000eac00000)
  object space 44032K, 22% used [0x00000000c0400000,0x00000000c0dc0a80,0x00000000c2f00000)
 Metaspace       used 20849K, capacity 21150K, committed 21296K, reserved 1069056K
  class space    used 2484K, capacity 2596K, committed 2608K, reserved 1048576K
Event: 2.162 GC heap after
Heap after GC invocations=8 (full 1):
 PSYoungGen      total 73216K, used 0K [0x00000000eac00000, 0x00000000f3b00000, 0x0000000100000000)
  eden space 65536K, 0% used [0x00000000eac00000,0x00000000eac00000,0x00000000eec00000)
  from space 7680K, 0% used [0x00000000eec00000,0x00000000eec00000,0x00000000ef380000)
  to   space 7680K, 0% used [0x00000000f3380000,0x00000000f3380000,0x00000000f3b00000)
 ParOldGen       total 34304K, used 10850K [0x00000000c0400000, 0x00000000c2580000, 0x00000000eac00000)
  object space 34304K, 31% used [0x00000000c0400000,0x00000000c0e98880,0x00000000c2580000)
 Metaspace       used 20849K, capacity 21150K, committed 21296K, reserved 1069056K
  class space    used 2484K, capacity 2596K, committed 2608K, reserved 1048576K
}
Event: 2.675 GC heap before
{Heap before GC invocations=9 (full 1):
 PSYoungGen      total 73216K, used 65536K [0x00000000eac00000, 0x00000000f3b00000, 0x0000000100000000)
  eden space 65536K, 100% used [0x00000000eac00000,0x00000000eec00000,0x00000000eec00000)
  from space 7680K, 0% used [0x00000000eec00000,0x00000000eec00000,0x00000000ef380000)
  to   space 7680K, 0% used [0x00000000f3380000,0x00000000f3380000,0x00000000f3b00000)
 ParOldGen       total 34304K, used 10850K [0x00000000c0400000, 0x00000000c2580000, 0x00000000eac00000)
  object space 34304K, 31% used [0x00000000c0400000,0x00000000c0e98880,0x00000000c2580000)
 Metaspace       used 26943K, capacity 27378K, committed 27696K, reserved 1073152K
  class space    used 3443K, capacity 3554K, committed 3632K, reserved 1048576K
Event: 2.683 GC heap after
Heap after GC invocations=9 (full 1):
 PSYoungGen      total 125440K, used 5841K [0x00000000eac00000, 0x00000000f3980000, 0x0000000100000000)
  eden space 119296K, 0% used [0x00000000eac00000,0x00000000eac00000,0x00000000f2080000)
  from space 6144K, 95% used [0x00000000f3380000,0x00000000f3934698,0x00000000f3980000)
  to   space 8192K, 0% used [0x00000000f2980000,0x00000000f2980000,0x00000000f3180000)
 ParOldGen       total 34304K, used 10858K [0x00000000c0400000, 0x00000000c2580000, 0x00000000eac00000)
  object space 34304K, 31% used [0x00000000c0400000,0x00000000c0e9a880,0x00000000c2580000)
 Metaspace       used 26943K, capacity 27378K, committed 27696K, reserved 1073152K
  class space    used 3443K, capacity 3554K, committed 3632K, reserved 1048576K
}
Event: 3.639 GC heap before
{Heap before GC invocations=10 (full 1):
 PSYoungGen      total 125440K, used 98700K [0x00000000eac00000, 0x00000000f3980000, 0x0000000100000000)
  eden space 119296K, 77% used [0x00000000eac00000,0x00000000f06aea08,0x00000000f2080000)
  from space 6144K, 95% used [0x00000000f3380000,0x00000000f3934698,0x00000000f3980000)
  to   space 8192K, 0% used [0x00000000f2980000,0x00000000f2980000,0x00000000f3180000)
 ParOldGen       total 34304K, used 10858K [0x00000000c0400000, 0x00000000c2580000, 0x00000000eac00000)
  object space 34304K, 31% used [0x00000000c0400000,0x00000000c0e9a880,0x00000000c2580000)
 Metaspace       used 34738K, capacity 35152K, committed 35496K, reserved 1079296K
  class space    used 4614K, capacity 4735K, committed 4784K, reserved 1048576K
Event: 3.655 GC heap after
Heap after GC invocations=10 (full 1):
 PSYoungGen      total 136704K, used 8187K [0x00000000eac00000, 0x00000000f6a00000, 0x0000000100000000)
  eden space 128512K, 0% used [0x00000000eac00000,0x00000000eac00000,0x00000000f2980000)
  from space 8192K, 99% used [0x00000000f2980000,0x00000000f317ef60,0x00000000f3180000)
  to   space 9728K, 0% used [0x00000000f6080000,0x00000000f6080000,0x00000000f6a00000)
 ParOldGen       total 34304K, used 12218K [0x00000000c0400000, 0x00000000c2580000, 0x00000000eac00000)
  object space 34304K, 35% used [0x00000000c0400000,0x00000000c0fee8d0,0x00000000c2580000)
 Metaspace       used 34738K, capacity 35152K, committed 35496K, reserved 1079296K
  class space    used 4614K, capacity 4735K, committed 4784K, reserved 1048576K
}
Event: 3.656 GC heap before
{Heap before GC invocations=11 (full 2):
 PSYoungGen      total 136704K, used 8187K [0x00000000eac00000, 0x00000000f6a00000, 0x0000000100000000)
  eden space 128512K, 0% used [0x00000000eac00000,0x00000000eac00000,0x00000000f2980000)
  from space 8192K, 99% used [0x00000000f2980000,0x00000000f317ef60,0x00000000f3180000)
  to   space 9728K, 0% used [0x00000000f6080000,0x00000000f6080000,0x00000000f6a00000)
 ParOldGen       total 34304K, used 12218K [0x00000000c0400000, 0x00000000c2580000, 0x00000000eac00000)
  object space 34304K, 35% used [0x00000000c0400000,0x00000000c0fee8d0,0x00000000c2580000)
 Metaspace       used 34738K, capacity 35152K, committed 35496K, reserved 1079296K
  class space    used 4614K, capacity 4735K, committed 4784K, reserved 1048576K
Event: 3.715 GC heap after
Heap after GC invocations=11 (full 2):
 PSYoungGen      total 136704K, used 0K [0x00000000eac00000, 0x00000000f6a00000, 0x0000000100000000)
  eden space 128512K, 0% used [0x00000000eac00000,0x00000000eac00000,0x00000000f2980000)
  from space 8192K, 0% used [0x00000000f2980000,0x00000000f2980000,0x00000000f3180000)
  to   space 9728K, 0% used [0x00000000f6080000,0x00000000f6080000,0x00000000f6a00000)
 ParOldGen       total 45568K, used 16455K [0x00000000c0400000, 0x00000000c3080000, 0x00000000eac00000)
  object space 45568K, 36% used [0x00000000c0400000,0x00000000c1411e48,0x00000000c3080000)
 Metaspace       used 34738K, capacity 35152K, committed 35496K, reserved 1079296K
  class space    used 4614K, capacity 4735K, committed 4784K, reserved 1048576K
}

